

got latest -- main -- from their GIT for the -- AutoencoderTiny
required in SAYAK GIST COde -- https://gist.github.com/sayakpaul/a57a86ee7419ac3e7a7879fd100e8d06
pip install git+https://github.com/huggingface/diffusers



absl-py==1.4.0
accelerate==0.21.0
aiohttp==3.8.5
aiosignal==1.3.1
albumentations==1.3.1
altair==5.0.1
antlr4-python3-runtime==4.9.3
async-timeout==4.0.2
attrs==23.1.0
blinker==1.6.2
cachetools==5.3.1
certifi==2023.7.22
charset-normalizer==3.2.0
click==8.1.6
cmake==3.27.0
datasets==2.14.3
decorator==5.1.1
diffusers==0.19.3
dill==0.3.7
einops==0.6.1
evaluate==0.4.0
filelock==3.12.2
frozenlist==1.4.0
fsspec==2023.6.0
ftfy==6.1.1
future==0.18.3
gitdb==4.0.10
GitPython==3.1.32
google-auth==2.22.0
google-auth-oauthlib==1.0.0
grpcio==1.56.2
huggingface-hub==0.16.4
idna==3.4
imageio==2.31.1
imageio-ffmpeg==0.4.8
importlib-metadata==6.8.0
invisible-watermark==0.2.0
jedi==0.19.0
Jinja2==3.1.2
joblib==1.3.1
jsonschema==4.18.6
jsonschema-specifications==2023.7.1
kornia==0.7.0
lazy_loader==0.3
lightning-utilities==0.9.0
lit==16.0.6
Markdown==3.4.4
markdown-it-py==3.0.0
MarkupSafe==2.1.3
mdurl==0.1.2
mpmath==1.3.0
multidict==6.0.4
multiprocess==0.70.15
networkx==3.1
numpy==1.25.2
nvidia-cublas-cu11==11.10.3.66
nvidia-cuda-cupti-cu11==11.7.101
nvidia-cuda-nvrtc-cu11==11.7.99
nvidia-cuda-runtime-cu11==11.7.99
nvidia-cudnn-cu11==8.5.0.96
nvidia-cufft-cu11==10.9.0.58
nvidia-curand-cu11==10.2.10.91
nvidia-cusolver-cu11==11.4.0.1
nvidia-cusparse-cu11==11.7.4.91
nvidia-nccl-cu11==2.14.3
nvidia-nvtx-cu11==11.7.91
oauthlib==3.2.2
omegaconf==2.3.0
opencv-python==4.8.0.74
opencv-python-headless==4.8.0.74
packaging==23.1
pandas==2.0.3
parso==0.8.3
Pillow==9.5.0
protobuf==4.23.4
psutil==5.9.5
pudb==2022.1.3
pyarrow==12.0.1
pyasn1==0.5.0
pyasn1-modules==0.3.0
pydeck==0.8.0
Pygments==2.16.1
Pympler==1.0.1
python-dateutil==2.8.2
pytorch-lightning==2.0.6
pytz==2023.3
pytz-deprecation-shim==0.1.0.post0
PyWavelets==1.4.1
PyYAML==6.0.1
qudida==0.0.4
referencing==0.30.2
regex==2023.6.3
requests==2.31.0
requests-oauthlib==1.3.1
responses==0.18.0
rich==13.5.2
rpds-py==0.9.2
rsa==4.9
safetensors==0.3.1
scikit-image==0.21.0
scikit-learn==1.3.0
scipy==1.11.1
six==1.16.0
smmap==5.0.0
streamlit==1.25.0
sympy==1.12
taming-transformers==0.0.1
tenacity==8.2.2
tensorboard==2.13.0
tensorboard-data-server==0.7.1
test-tube==0.7.5
threadpoolctl==3.2.0
tifffile==2023.7.18
tokenizers==0.13.3
toml==0.10.2
toolz==0.12.0
torch==2.0.1
torch-fidelity==0.3.0
torchmetrics==1.0.2
torchvision==0.15.2
tornado==6.3.2
tqdm==4.65.0
transformers==4.31.0
triton==2.0.0
typing_extensions==4.7.1
tzdata==2023.3
tzlocal==4.3.1
urllib3==1.26.16
urwid==2.1.2
urwid-readline==0.13
validators==0.20.0
watchdog==3.0.0
wcwidth==0.2.6
Werkzeug==2.3.6
xxhash==3.3.0
yarl==1.9.2
zipp==3.16.2
